         2956369 function calls (2901761 primitive calls) in 9.772 seconds

   Ordered by: internal time

   ncalls  tottime  percall  cumtime  percall filename:lineno(function)
        1    1.539    1.539    9.774    9.774 profile.py:1(<module>)
   153000    0.723    0.000    1.989    0.000 Style.py:42(font)
   226013    0.712    0.000    1.148    0.000 Utility.py:26(lazy_get)
   153017    0.504    0.000    0.504    0.000 Font.py:6(__init__)
   100000    0.482    0.000    1.366    0.000 Worksheet.py:97(set_cell_style)
    54000    0.389    0.000    0.798    0.000 Style.py:50(fill)
   100000    0.356    0.000    0.463    0.000 random.py:173(randrange)
   100000    0.351    0.000    0.517    0.000 Worksheet.py:69(get_cell_value)
    73016    0.325    0.000    0.325    0.000 Color.py:2(__init__)
   200000    0.319    0.000    0.319    0.000 DataTypes.py:27(get_type)
   100000    0.307    0.000    0.461    0.000 Worksheet.py:83(set_cell_value)
   231728    0.276    0.000    0.276    0.000 {getattr}
   217576    0.267    0.000    0.267    0.000 {setattr}
   100004    0.264    0.000    0.264    0.000 Style.py:6(__init__)
   100000    0.254    0.000    0.367    0.000 Workbook.py:26(add_style)
   100000    0.248    0.000    0.711    0.000 random.py:237(randint)
    35132    0.219    0.000    0.626    0.000 Style.py:78(__eq__)
    54000    0.215    0.000    0.340    0.000 Utility.py:34(lazy_set)
86235/35229    0.194    0.000    0.573    0.000 {hash}
        1    0.167    0.167    1.512    1.512 Workbook.py:45(_align_styles)
    54000    0.140    0.000    0.480    0.000 Fill.py:12(background)
    31981    0.128    0.000    0.225    0.000 Font.py:62(__eq__)
   103887    0.117    0.000    0.117    0.000 {method 'append' of 'list' objects}
   100000    0.107    0.000    0.107    0.000 {method 'random' of '_random.Random' objects}
    70262    0.099    0.000    0.099    0.000 Style.py:104(_to_tuple)
    63990    0.097    0.000    0.097    0.000 Font.py:73(_to_tuple)
    72993    0.095    0.000    0.095    0.000 Color.py:15(__eq__)
    54009    0.090    0.000    0.090    0.000 Fill.py:5(__init__)
    35177    0.087    0.000    0.660    0.000 Style.py:75(__hash__)
    32045    0.086    0.000    0.121    0.000 Font.py:70(__hash__)
    19013    0.083    0.000    0.181    0.000 Fill.py:8(background)
    19013    0.071    0.000    0.342    0.000 Fill.py:25(__hash__)
    18993    0.051    0.000    0.084    0.000 Fill.py:20(__eq__)
    19013    0.042    0.000    0.042    0.000 Color.py:12(__hash__)
    17581    0.023    0.000    0.023    0.000 Style.py:13(is_default)
     3063    0.018    0.000    0.042    0.000 nodes.py:164(iter_child_nodes)
    11065    0.014    0.000    0.014    0.000 {isinstance}
     5699    0.012    0.000    0.017    0.000 nodes.py:148(iter_fields)
        2    0.008    0.004    0.037    0.019 __init__.py:2(<module>)
      271    0.008    0.000    0.011    0.000 function_base.py:3220(add_newdoc)
      478    0.006    0.000    0.015    0.000 lexer.py:593(tokeniter)
        1    0.006    0.006    0.007    0.007 __init__.py:88(<module>)
        3    0.006    0.002    0.412    0.137 __init__.py:1(<module>)
       51    0.006    0.000    0.009    0.000 {method 'sub' of '_sre.SRE_Pattern' objects}
     2366    0.006    0.000    0.006    0.000 {range}
     1456    0.005    0.000    0.005    0.000 {method 'match' of '_sre.SRE_Pattern' objects}
   892/87    0.005    0.000    0.027    0.000 nodes.py:184(find_all)
        1    0.005    0.005    0.007    0.007 polynomial.py:54(<module>)
   134/37    0.005    0.000    0.021    0.001 sre_parse.py:380(_parse)
4365/4253    0.005    0.000    0.005    0.000 {len}
  1043/16    0.005    0.000    0.077    0.005 visitor.py:34(visit)
        1    0.005    0.005    0.007    0.007 hermite_e.py:59(<module>)
   224/35    0.005    0.000    0.012    0.000 sre_compile.py:33(_compile)
        1    0.004    0.004    0.006    0.006 laguerre.py:59(<module>)
        1    0.004    0.004    0.136    0.136 __init__.py:106(<module>)
        1    0.004    0.004    0.006    0.006 chebyshev.py:87(<module>)
        1    0.004    0.004    0.006    0.006 hermite.py:59(<module>)
        1    0.004    0.004    0.052    0.052 environment.py:10(<module>)
        1    0.004    0.004    0.006    0.006 legendre.py:83(<module>)
        1    0.004    0.004    0.016    0.016 urllib.py:23(<module>)
      954    0.004    0.000    0.006    0.000 sre_parse.py:183(__next)
        1    0.003    0.003    0.004    0.004 socket.py:45(<module>)
    218/8    0.003    0.000    0.012    0.001 visitor.py:58(generic_visit)
        1    0.003    0.003    0.004    0.004 __init__.py:4(<module>)
        1    0.003    0.003    0.040    0.040 __init__.py:15(<module>)
        9    0.003    0.000    0.003    0.000 {compile}
     1043    0.003    0.000    0.005    0.000 visitor.py:26(get_visitor)
      207    0.003    0.000    0.005    0.000 nodes.py:127(__init__)
  525/139    0.003    0.000    0.021    0.000 visitor.py:41(generic_visit)
        1    0.003    0.003    0.209    0.209 Writer.py:1(<module>)
        1    0.003    0.003    0.144    0.144 Range.py:1(<module>)
        1    0.003    0.003    0.004    0.004 numeric.py:1(<module>)
      858    0.002    0.000    0.004    0.000 sre_parse.py:131(__getitem__)
        4    0.002    0.001    0.004    0.001 collections.py:282(namedtuple)
  290/105    0.002    0.000    0.003    0.000 sre_parse.py:141(getwidth)
        1    0.002    0.002    0.007    0.007 __init__.py:38(<module>)
      430    0.002    0.000    0.002    0.000 {built-in method __new__ of type object at 0x000000001E29D0E0}
      642    0.002    0.000    0.003    0.000 string.py:158(convert)
      334    0.002    0.000    0.020    0.000 lexer.py:548(wrap)
        1    0.002    0.002    0.004    0.004 case.py:1(<module>)
      376    0.002    0.000    0.003    0.000 compiler.py:492(write)
  669/335    0.002    0.000    0.023    0.000 {next}
      716    0.002    0.000    0.006    0.000 sre_parse.py:202(get)
        1    0.002    0.002    0.011    0.011 __init__.py:45(<module>)
        1    0.002    0.002    0.026    0.026 utils.py:10(<module>)
     1480    0.002    0.000    0.002    0.000 {chr}
     1315    0.002    0.000    0.002    0.000 {method 'group' of '_sre.SRE_Match' objects}
        1    0.002    0.002    0.005    0.005 tempfile.py:18(<module>)
       63    0.002    0.000    0.004    0.000 nodes.py:64(__new__)
        1    0.002    0.002    0.018    0.018 _compat.py:12(<module>)
        1    0.002    0.002    0.139    0.139 DataTypes.py:1(<module>)
        1    0.001    0.001    0.004    0.004 npyio.py:1(<module>)
       54    0.001    0.000    0.003    0.000 sre_compile.py:208(_optimize_charset)
      342    0.001    0.000    0.002    0.000 lexer.py:230(__new__)
        1    0.001    0.001    0.055    0.055 __init__.py:28(<module>)
      485    0.001    0.000    0.002    0.000 urlparse.py:331(<genexpr>)
        1    0.001    0.001    0.007    0.007 index_tricks.py:1(<module>)
      485    0.001    0.000    0.002    0.000 urllib.py:1200(<genexpr>)
        2    0.001    0.001    0.002    0.001 __init__.py:10(<module>)
        9    0.001    0.000    0.001    0.000 {open}
    81/35    0.001    0.000    0.021    0.001 sre_parse.py:302(_parse_sub)
        1    0.001    0.001    0.002    0.002 zipfile.py:433(_GenerateCRCTable)
      406    0.001    0.000    0.002    0.000 lexer.py:240(test)
        1    0.001    0.001    0.014    0.014 __init__.py:6(<module>)
      722    0.001    0.000    0.001    0.000 {method 'write' of 'cStringIO.StringO' objects}
      335    0.001    0.000    0.022    0.000 lexer.py:342(__next__)
        1    0.001    0.001    0.002    0.002 six.py:1(<module>)
        1    0.001    0.001    0.002    0.002 collections.py:1(<module>)
        1    0.001    0.001    0.005    0.005 ctypeslib.py:51(<module>)
        2    0.001    0.001    0.003    0.002 function_base.py:1(<module>)
        1    0.001    0.001    0.004    0.004 core.py:21(<module>)
        1    0.001    0.001    0.001    0.001 shutil.py:5(<module>)
       38    0.001    0.000    0.004    0.000 compiler.py:1212(visit_Output)
        1    0.001    0.001    0.032    0.032 nodes.py:14(<module>)
     23/8    0.001    0.000    0.036    0.004 parser.py:843(subparse)
      490    0.001    0.000    0.002    0.000 sre_parse.py:196(match)
        1    0.001    0.001    0.002    0.002 defmatrix.py:1(<module>)
        1    0.001    0.001    0.068    0.068 add_newdocs.py:9(<module>)
        1    0.001    0.001    0.006    0.006 urlparse.py:29(<module>)
      410    0.001    0.000    0.001    0.000 sre_parse.py:127(__len__)
      371    0.001    0.000    0.001    0.000 sre_parse.py:139(append)
        1    0.001    0.001    0.002    0.002 _datasource.py:33(<module>)
        1    0.001    0.001    0.001    0.001 linalg.py:10(<module>)
        1    0.001    0.001    0.002    0.002 __init__.py:44(<module>)
      144    0.001    0.000    0.001    0.000 sre_parse.py:258(_escape)
     75/3    0.001    0.000    0.003    0.001 copy.py:145(deepcopy)
        1    0.001    0.001    0.004    0.004 defaults.py:10(<module>)
      668    0.001    0.000    0.001    0.000 {method 'get' of 'dict' objects}
       35    0.001    0.000    0.005    0.000 sre_compile.py:362(_compile_info)
        1    0.001    0.001    0.001    0.001 utils.py:3(<module>)
      482    0.001    0.000    0.001    0.000 {method 'count' of 'unicode' objects}
      229    0.001    0.000    0.007    0.000 {method 'extend' of 'collections.deque' objects}
      164    0.001    0.000    0.003    0.000 compiler.py:507(writeline)
        1    0.001    0.001    0.001    0.001 hashlib.py:55(<module>)
        1    0.001    0.001    0.001    0.001 decorators.py:15(<module>)
        1    0.001    0.001    0.002    0.002 filters.py:10(<module>)
        1    0.001    0.001    0.002    0.002 random.py:40(<module>)
        1    0.001    0.001    0.001    0.001 runtime.py:10(<module>)
      514    0.001    0.000    0.001    0.000 {min}
        8    0.001    0.000    0.007    0.001 nodes.py:219(set_environment)
        1    0.001    0.001    0.006    0.006 _internal.py:4(<module>)
        1    0.001    0.001    0.003    0.003 util.py:1(<module>)
        1    0.001    0.001    0.003    0.003 numerictypes.py:82(<module>)
        1    0.001    0.001    0.004    0.004 result.py:1(<module>)
        9    0.001    0.000    0.001    0.000 sre_compile.py:259(_mk_bitmap)
        1    0.001    0.001    0.354    0.354 Workbook.py:1(<module>)
        1    0.001    0.001    0.001    0.001 arrayprint.py:4(<module>)
        1    0.001    0.001    0.037    0.037 type_check.py:3(<module>)
        8    0.001    0.000    0.065    0.008 compiler.py:757(visit_Template)
    12/11    0.001    0.000    0.017    0.002 compiler.py:1036(visit_For)
        1    0.001    0.001    0.001    0.001 Style.py:1(<module>)
        1    0.001    0.001    0.002    0.002 arraysetops.py:25(<module>)
        3    0.001    0.000    0.001    0.000 {__import__}
       42    0.001    0.000    0.041    0.001 re.py:226(_compile)
       54    0.001    0.000    0.003    0.000 sre_compile.py:179(_compile_charset)
        1    0.001    0.001    0.001    0.001 arrayterator.py:9(<module>)
        1    0.001    0.001    0.001    0.001 loader.py:1(<module>)
        1    0.001    0.001    0.001    0.001 io.py:34(<module>)
  171/145    0.001    0.000    0.001    0.000 {method 'join' of 'str' objects}
      266    0.001    0.000    0.001    0.000 {method 'strip' of 'str' objects}
      177    0.001    0.000    0.001    0.000 compiler.py:512(newline)
        3    0.001    0.000    0.001    0.000 numeric.py:207(extend_all)
       31    0.001    0.000    0.001    0.000 _inspect.py:157(formatargspec)
      229    0.001    0.000    0.001    0.000 {method 'format' of 'str' objects}
        1    0.000    0.000    0.001    0.001 loaders.py:10(<module>)
      420    0.000    0.000    0.000    0.000 {method 'pop' of 'dict' objects}
      391    0.000    0.000    0.000    0.000 {intern}
      293    0.000    0.000    0.000    0.000 {method 'split' of 'str' objects}
      433    0.000    0.000    0.000    0.000 {method 'end' of '_sre.SRE_Match' objects}
        1    0.000    0.000    0.001    0.001 Font.py:1(<module>)
    69/62    0.000    0.000    0.001    0.000 nodes.py:657(as_const)
        1    0.000    0.000    0.003    0.003 polynomial.py:3(<module>)
       38    0.000    0.000    0.000    0.000 {numpy.core.multiarray.array}
        1    0.000    0.000    0.001    0.001 compiler.py:10(<module>)
        8    0.000    0.000    0.000    0.000 {nt.stat}
      111    0.000    0.000    0.008    0.000 lexer.py:360(expect)
        1    0.000    0.000    0.000    0.000 fftpack.py:32(<module>)
       35    0.000    0.000    0.041    0.001 sre_compile.py:496(compile)
      164    0.000    0.000    0.001    0.000 lexer.py:331(next_if)
      164    0.000    0.000    0.002    0.000 lexer.py:338(skip_if)
        1    0.000    0.000    0.001    0.001 base64.py:3(<module>)
       35    0.000    0.000    0.022    0.001 sre_parse.py:676(parse)
       46    0.000    0.000    0.017    0.000 parser.py:578(parse_tuple)
       53    0.000    0.000    0.005    0.000 parser.py:544(parse_primary)
      266    0.000    0.000    0.000    0.000 {numpy.lib._compiled_base.add_docstring}
        8    0.000    0.000    0.000    0.000 {method 'read' of 'file' objects}
        1    0.000    0.000    0.001    0.001 bccache.py:16(<module>)
    48/28    0.000    0.000    0.005    0.000 optimizer.py:54(fold)
      224    0.000    0.000    0.000    0.000 sre_parse.py:91(__init__)
        1    0.000    0.000    0.001    0.001 runner.py:1(<module>)
        1    0.000    0.000    0.000    0.000 heapq.py:31(<module>)
      145    0.000    0.000    0.000    0.000 collections.py:323(<genexpr>)
      278    0.000    0.000    0.000    0.000 {method 'extend' of 'list' objects}
       40    0.000    0.000    0.001    0.000 _inspect.py:118(getargspec)
      249    0.000    0.000    0.000    0.000 {max}
        1    0.000    0.000    0.010    0.010 lexer.py:16(<module>)
       69    0.000    0.000    0.001    0.000 sre_compile.py:355(_simple)
        1    0.000    0.000    0.144    0.144 Worksheet.py:1(<module>)
      293    0.000    0.000    0.000    0.000 {ord}
        1    0.000    0.000    0.004    0.004 zipfile.py:3(<module>)
        1    0.000    0.000    0.000    0.000 optimizer.py:18(<module>)
        1    0.000    0.000    0.000    0.000 polyutils.py:33(<module>)
        1    0.000    0.000    0.000    0.000 fromnumeric.py:2(<module>)
      119    0.000    0.000    0.000    0.000 _compat.py:57(<lambda>)
        1    0.000    0.000    0.000    0.000 records.py:36(<module>)
        1    0.000    0.000    0.000    0.000 exceptions.py:10(<module>)
        1    0.000    0.000    0.001    0.001 main.py:1(<module>)
        1    0.000    0.000    0.000    0.000 Borders.py:1(<module>)
       75    0.000    0.000    0.000    0.000 copy.py:267(_keep_alive)
    35/34    0.000    0.000    0.012    0.000 parser.py:426(parse_compare)
       51    0.000    0.000    0.000    0.000 re.py:204(escape)
      145    0.000    0.000    0.000    0.000 nodes.py:97(get_eval_context)
    11/10    0.000    0.000    0.001    0.000 abc.py:148(__subclasscheck__)
       98    0.000    0.000    0.000    0.000 {method 'groupdict' of '_sre.SRE_Match' objects}
        1    0.000    0.000    0.001    0.001 extras.py:10(<module>)
        1    0.000    0.000    0.000    0.000 _iotools.py:1(<module>)
    12/11    0.000    0.000    0.024    0.002 parser.py:176(parse_for)
       52    0.000    0.000    0.001    0.000 compiler.py:1374(visit_Name)
    36/35    0.000    0.000    0.010    0.000 parser.py:528(parse_unary)
       38    0.000    0.000    0.001    0.000 parser.py:851(flush_data)
       32    0.000    0.000    0.010    0.000 compiler.py:88(find_undeclared)
       35    0.000    0.000    0.018    0.001 sre_compile.py:481(_code)
        1    0.000    0.000    0.001    0.001 utils.py:1(<module>)
      187    0.000    0.000    0.000    0.000 {method 'add' of 'set' objects}
        1    0.000    0.000    0.001    0.001 numerictypes.py:302(_add_aliases)
      230    0.000    0.000    0.000    0.000 {method 'popleft' of 'collections.deque' objects}
    35/34    0.000    0.000    0.013    0.000 parser.py:420(parse_not)
       26    0.000    0.000    0.004    0.000 parser.py:688(parse_subscript)
       16    0.000    0.000    0.000    0.000 utils.py:336(get)
      207    0.000    0.000    0.000    0.000 {id}
       20    0.000    0.000    0.010    0.000 compiler.py:192(inspect)
       71    0.000    0.000    0.000    0.000 compiler.py:259(visit_Name)
       80    0.000    0.000    0.000    0.000 {repr}
      102    0.000    0.000    0.000    0.000 lexer.py:308(__bool__)
     18/3    0.000    0.000    0.002    0.001 copy.py:306(_reconstruct)
       52    0.000    0.000    0.000    0.000 compiler.py:277(visit_Name)
        8    0.000    0.000    0.139    0.017 environment.py:514(compile)
       19    0.000    0.000    0.001    0.000 nosetester.py:137(__init__)
       31    0.000    0.000    0.000    0.000 _inspect.py:59(getargs)
       21    0.000    0.000    0.000    0.000 ntpath.py:164(split)
       18    0.000    0.000    0.001    0.000 copy.py:234(_deepcopy_tuple)
    26/25    0.000    0.000    0.001    0.000 compiler.py:1486(visit_Getattr)
       26    0.000    0.000    0.000    0.000 numerictypes.py:230(bitname)
       70    0.000    0.000    0.000    0.000 sre_compile.py:475(isstring)
        8    0.000    0.000    0.003    0.000 loaders.py:159(get_source)
       20    0.000    0.000    0.000    0.000 compiler.py:141(__init__)
       12    0.000    0.000    0.000    0.000 ctypeslib.py:306(prep_simple)
       23    0.000    0.000    0.002    0.000 core.py:5932(getdoc)
    36/35    0.000    0.000    0.007    0.000 parser.py:660(parse_postfix)
       21    0.000    0.000    0.001    0.000 {all}
       40    0.000    0.000    0.002    0.000 core.py:107(get_object_signature)
    35/34    0.000    0.000    0.013    0.000 parser.py:411(parse_and)
        1    0.000    0.000    0.000    0.000 signals.py:1(<module>)
       59    0.000    0.000    0.000    0.000 nodes.py:81(__init__)
    36/35    0.000    0.000    0.011    0.000 parser.py:468(parse_concat)
       69    0.000    0.000    0.000    0.000 sre_parse.py:135(__setitem__)
       27    0.000    0.000    0.000    0.000 core.py:821(__init__)
       39    0.000    0.000    0.000    0.000 numerictypes.py:155(english_upper)
     23/8    0.000    0.000    0.020    0.003 compiler.py:477(blockvisit)
      139    0.000    0.000    0.000    0.000 {method 'startswith' of 'str' objects}
       72    0.000    0.000    0.000    0.000 numerictypes.py:128(english_lower)
       13    0.000    0.000    0.000    0.000 sre_parse.py:217(isname)
    35/34    0.000    0.000    0.014    0.000 parser.py:402(parse_or)
       15    0.000    0.000    0.003    0.000 parser.py:745(parse_call)
       27    0.000    0.000    0.000    0.000 {sorted}
       28    0.000    0.000    0.001    0.000 nodes.py:600(as_const)
       51    0.000    0.000    0.000    0.000 parser.py:98(is_tuple_end)
        8    0.000    0.000    0.000    0.000 Fill.py:16(is_default)
        1    0.000    0.000    0.000    0.000 parser.py:10(<module>)
        1    0.000    0.000    0.000    0.000 __init__.py:110(_add2path)
        9    0.000    0.000    0.000    0.000 compiler.py:1421(binop)
       24    0.000    0.000    0.000    0.000 environment.py:370(iter_extensions)
       46    0.000    0.000    0.000    0.000 lexer.py:253(test_any)
    15/13    0.000    0.000    0.028    0.002 parser.py:113(parse_statement)
       45    0.000    0.000    0.001    0.000 lexer.py:538(_normalize_newlines)
       74    0.000    0.000    0.000    0.000 _inspect.py:150(strseq)
        8    0.000    0.000    0.008    0.001 compiler.py:577(pull_dependencies)
      137    0.000    0.000    0.000    0.000 sre_compile.py:25(_identityfunction)
      123    0.000    0.000    0.000    0.000 {method 'iteritems' of 'dict' objects}
        1    0.000    0.000    0.000    0.000 _import_tools.py:1(<module>)
       45    0.000    0.000    0.000    0.000 nodes.py:457(as_const)
       94    0.000    0.000    0.000    0.000 {method 'pop' of 'list' objects}
      113    0.000    0.000    0.000    0.000 {method 'translate' of 'str' objects}
    36/35    0.000    0.000    0.011    0.000 parser.py:458(parse_sub)
    36/35    0.000    0.000    0.011    0.000 parser.py:478(parse_mul)
       35    0.000    0.000    0.000    0.000 sre_parse.py:179(__init__)
    85/68    0.000    0.000    0.001    0.000 {issubclass}
       70    0.000    0.000    0.000    0.000 nodes.py:354(as_const)
        8    0.000    0.000    0.143    0.018 environment.py:756(_load_template)
       42    0.000    0.000    0.042    0.001 re.py:188(compile)
    36/35    0.000    0.000    0.010    0.000 parser.py:518(parse_pow)
        1    0.000    0.000    0.000    0.000 suite.py:78(TestSuite)
    36/35    0.000    0.000    0.010    0.000 parser.py:508(parse_mod)
        5    0.000    0.000    0.000    0.000 abc.py:86(__new__)
       12    0.000    0.000    0.000    0.000 compiler.py:624(pop_scope)
       35    0.000    0.000    0.000    0.000 {_sre.compile}
      124    0.000    0.000    0.000    0.000 {method 'isalnum' of 'str' objects}
    36/35    0.000    0.000    0.011    0.000 parser.py:448(parse_add)
    36/35    0.000    0.000    0.011    0.000 parser.py:498(parse_floordiv)
       15    0.000    0.000    0.001    0.000 compiler.py:1566(visit_Call)
       12    0.000    0.000    0.001    0.000 compiler.py:602(push_scope)
        1    0.000    0.000    0.000    0.000 numerictypes.py:286(_add_types)
        1    0.000    0.000    0.000    0.000 suite.py:1(<module>)
       12    0.000    0.000    0.001    0.000 nodes.py:194(set_ctx)
    36/35    0.000    0.000    0.011    0.000 parser.py:488(parse_div)
        1    0.000    0.000    0.000    0.000 {nt.urandom}
        1    0.000    0.000    0.000    0.000 tempfile.py:497(SpooledTemporaryFile)
       98    0.000    0.000    0.000    0.000 sre_parse.py:211(isident)
        1    0.000    0.000    0.000    0.000 nodes.py:772(Or)
       32    0.000    0.000    0.000    0.000 sre_parse.py:73(opengroup)
       30    0.000    0.000    0.000    0.000 numerictypes.py:448(_add_array_type)
    15/13    0.000    0.000    0.015    0.001 parser.py:141(parse_statements)
        1    0.000    0.000    0.000    0.000 numpytest.py:1(<module>)
        8    0.000    0.000    0.143    0.018 loaders.py:99(load)
       91    0.000    0.000    0.000    0.000 {_sre.getlower}
        1    0.000    0.000    0.000    0.000 StringIO.py:42(StringIO)
       18    0.000    0.000    0.000    0.000 core.py:905(__init__)
        3    0.000    0.000    0.000    0.000 __init__.py:78(CFUNCTYPE)
       16    0.000    0.000    0.000    0.000 utils.py:380(__getitem__)
        1    0.000    0.000    0.000    0.000 numerictypes.py:785(_construct_lookups)
       14    0.000    0.000    0.000    0.000 Font.py:38(is_default)
        9    0.000    0.000    0.000    0.000 utils.py:402(__setitem__)
        1    0.000    0.000    0.000    0.000 defchararray.py:17(<module>)
        8    0.000    0.000    0.002    0.000 lexer.py:296(__init__)
       43    0.000    0.000    0.000    0.000 _inspect.py:161(<lambda>)
       15    0.000    0.000    0.000    0.000 compiler.py:519(signature)
    20/19    0.000    0.000    0.008    0.000 parser.py:389(parse_condexpr)
        1    0.000    0.000    0.000    0.000 format.py:136(<module>)
       18    0.000    0.000    0.000    0.000 {method '__reduce_ex__' of 'object' objects}
        1    0.000    0.000    0.000    0.000 numerictypes.py:433(_construct_char_code_lookup)
       12    0.000    0.000    0.003    0.000 parser.py:356(parse_assign_target)
        8    0.000    0.000    0.000    0.000 {method 'close' of 'file' objects}
       27    0.000    0.000    0.000    0.000 _weakrefset.py:58(__iter__)
       40    0.000    0.000    0.000    0.000 _inspect.py:13(ismethod)
    35/34    0.000    0.000    0.014    0.000 parser.py:380(parse_expression)
       32    0.000    0.000    0.000    0.000 compiler.py:255(__init__)
        1    0.000    0.000    0.012    0.012 lexer.py:410(__init__)
        1    0.000    0.000    0.000    0.000 _internal.py:191(_getintp_ctype)
        1    0.000    0.000    0.000    0.000 scimath.py:17(<module>)
        1    0.000    0.000    0.000    0.000 visitor.py:10(<module>)
       40    0.000    0.000    0.000    0.000 _inspect.py:24(isfunction)
       10    0.000    0.000    0.000    0.000 ntpath.py:63(join)
        8    0.000    0.000    0.016    0.002 environment.py:486(_tokenize)
       14    0.000    0.000    0.000    0.000 __init__.py:147(_check_size)
        1    0.000    0.000    0.000    0.000 _endian.py:4(<module>)
        1    0.000    0.000    0.000    0.000 ascii.py:8(<module>)
       34    0.000    0.000    0.000    0.000 six.py:93(__init__)
        1    0.000    0.000    0.000    0.000 polytemplate.py:11(<module>)
        8    0.000    0.000    0.059    0.007 environment.py:457(_parse)
       32    0.000    0.000    0.000    0.000 sre_parse.py:84(closegroup)
        1    0.000    0.000    0.000    0.000 _inspect.py:6(<module>)
        3    0.000    0.000    0.000    0.000 __init__.py:493(PYFUNCTYPE)
        8    0.000    0.000    0.066    0.008 compiler.py:55(generate)
       71    0.000    0.000    0.000    0.000 {method 'discard' of 'set' objects}
        1    0.000    0.000    0.002    0.002 difflib.py:29(<module>)
        1    0.000    0.000    0.000    0.000 py3k.py:4(<module>)
       58    0.000    0.000    0.000    0.000 {method 'items' of 'dict' objects}
       41    0.000    0.000    0.000    0.000 ntpath.py:122(splitdrive)
        1    0.000    0.000    0.000    0.000 core.py:2574(MaskedArray)
        8    0.000    0.000    0.043    0.005 parser.py:891(parse)
       10    0.000    0.000    0.001    0.000 abc.py:105(register)
        1    0.000    0.000    0.000    0.000 __init__.py:23(Markup)
       25    0.000    0.000    0.000    0.000 _weakrefset.py:36(__init__)
        8    0.000    0.000    0.000    0.000 compiler.py:366(__init__)
       21    0.000    0.000    0.000    0.000 numerictypes.py:217(_evalname)
        8    0.000    0.000    0.000    0.000 environment.py:908(from_code)
        1    0.000    0.000    0.000    0.000 ssl.py:56(<module>)
        1    0.000    0.000    0.000    0.000 {nt.putenv}
        5    0.000    0.000    0.000    0.000 compiler.py:1394(visit_Tuple)
       53    0.000    0.000    0.000    0.000 {method 'join' of 'unicode' objects}
       63    0.000    0.000    0.000    0.000 {method 'setdefault' of 'dict' objects}
        1    0.000    0.000    0.000    0.000 _compat.py:10(<module>)
        8    0.000    0.000    0.000    0.000 loaders.py:22(split_template_path)
        1    0.000    0.000    0.000    0.000 utf_8.py:8(<module>)
       47    0.000    0.000    0.000    0.000 compiler.py:128(is_declared)
       20    0.000    0.000    0.000    0.000 compiler.py:104(__init__)
       31    0.000    0.000    0.000    0.000 _inspect.py:37(iscode)
        8    0.000    0.000    0.000    0.000 {method 'splitlines' of 'unicode' objects}
        7    0.000    0.000    0.000    0.000 {map}
       71    0.000    0.000    0.000    0.000 {globals}
       20    0.000    0.000    0.000    0.000 compiler.py:572(pull_locals)
        8    0.000    0.000    0.016    0.002 parser.py:29(__init__)
        1    0.000    0.000    0.000    0.000 getlimits.py:2(<module>)
        1    0.000    0.000    0.000    0.000 Border.py:1(<module>)
       35    0.000    0.000    0.000    0.000 sre_parse.py:68(__init__)
       21    0.000    0.000    0.000    0.000 ntpath.py:203(dirname)
        8    0.000    0.000    0.000    0.000 environment.py:931(_from_namespace)
        1    0.000    0.000    0.000    0.000 numerictypes.py:456(_set_array_types)
       27    0.000    0.000    0.000    0.000 lexer.py:134(<genexpr>)
        9    0.000    0.000    0.001    0.000 extras.py:243(getdoc)
        2    0.000    0.000    0.000    0.000 {_ctypes.POINTER}
        2    0.000    0.000    0.000    0.000 __init__.py:349(__init__)
        1    0.000    0.000    0.000    0.000 Range.py:11(Range)
       23    0.000    0.000    0.002    0.000 core.py:5928(__init__)
       12    0.000    0.000    0.000    0.000 compiler.py:201(find_shadowed)
        3    0.000    0.000    0.003    0.001 warnings.py:45(filterwarnings)
       18    0.000    0.000    0.000    0.000 __init__.py:167(make_wrapper)
        8    0.000    0.000    0.013    0.002 lexer.py:381(get_lexer)
       59    0.000    0.000    0.000    0.000 {callable}
       36    0.000    0.000    0.000    0.000 parser.py:673(parse_filter_expr)
       19    0.000    0.000    0.000    0.000 ntpath.py:55(isabs)
        8    0.000    0.000    0.143    0.018 environment.py:770(get_template)
       21    0.000    0.000    0.000    0.000 _weakrefset.py:81(add)
        3    0.000    0.000    0.002    0.001 copy.py:253(_deepcopy_dict)
        8    0.000    0.000    0.001    0.000 {method 'decode' of 'str' objects}
       43    0.000    0.000    0.000    0.000 six.py:80(__init__)
        1    0.000    0.000    0.000    0.000 <string>:2(<module>)
        1    0.000    0.000    0.000    0.000 environment.py:103(Environment)
        8    0.000    0.000    0.000    0.000 {_codecs.utf_8_decode}
       50    0.000    0.000    0.000    0.000 {_ctypes.sizeof}
       15    0.000    0.000    0.000    0.000 copy.py:226(_deepcopy_list)
        1    0.000    0.000    0.000    0.000 memmap.py:1(<module>)
        1    0.000    0.000    0.000    0.000 six.py:336(exec_)
       26    0.000    0.000    0.000    0.000 lexer.py:135(<lambda>)
        1    0.000    0.000    0.143    0.143 Writer.py:10(Writer)
       11    0.000    0.000    0.000    0.000 _weakrefset.py:26(__exit__)
        3    0.000    0.000    0.005    0.002 parser.py:195(parse_if)
        2    0.000    0.000    0.001    0.000 __init__.py:71(search_function)
        8    0.000    0.000    0.012    0.001 optimizer.py:23(optimize)
       21    0.000    0.000    0.000    0.000 {method 'replace' of 'unicode' objects}
        1    0.000    0.000    0.000    0.000 os.py:35(_get_exports_list)
       16    0.000    0.000    0.000    0.000 utils.py:79(internalcode)
       21    0.000    0.000    0.000    0.000 collections.py:347(<genexpr>)
       23    0.000    0.000    0.000    0.000 {_struct.calcsize}
       21    0.000    0.000    0.000    0.000 collections.py:349(<genexpr>)
       21    0.000    0.000    0.000    0.000 {numpy.core.multiarray.empty}
        1    0.000    0.000    0.000    0.000 socket.py:179(_socketobject)
       12    0.000    0.000    0.000    0.000 {method 'replace' of 'str' objects}
        1    0.000    0.000    0.000    0.000 Alignment.py:1(<module>)
        1    0.000    0.000    0.000    0.000 numerictypes.py:343(_add_integer_aliases)
       31    0.000    0.000    0.000    0.000 compiler.py:853(<genexpr>)
        1    0.000    0.000    0.000    0.000 __init__.py:265(_reset_cache)
        8    0.000    0.000    0.066    0.008 environment.py:498(_generate)
        1    0.000    0.000    0.000    0.000 Color.py:1(<module>)
        8    0.000    0.000    0.000    0.000 environment.py:478(preprocess)
       16    0.000    0.000    0.000    0.000 defaults.py:43(<genexpr>)
        8    0.000    0.000    0.000    0.000 genericpath.py:52(getmtime)
        3    0.000    0.000    0.003    0.001 compiler.py:287(visit_If)
        1    0.000    0.000    0.000    0.000 machar.py:4(<module>)
        8    0.000    0.000    0.002    0.000 lexer.py:542(tokenize)
        1    0.000    0.000    0.000    0.000 nosetester.py:6(<module>)
       31    0.000    0.000    0.000    0.000 compiler.py:451(indent)
        6    0.000    0.000    0.009    0.001 string.py:148(substitute)
       15    0.000    0.000    0.006    0.000 parser.py:604(<lambda>)
        3    0.000    0.000    0.000    0.000 functools.py:17(update_wrapper)
        1    0.000    0.000    0.000    0.000 {dir}
       25    0.000    0.000    0.000    0.000 {method 'acquire' of 'thread.lock' objects}
       31    0.000    0.000    0.000    0.000 compiler.py:455(outdent)
        3    0.000    0.000    0.002    0.001 compiler.py:1162(visit_If)
       16    0.000    0.000    0.000    0.000 _compat.py:80(encode_filename)
        8    0.000    0.000    0.000    0.000 core.py:7137(getdoc)
        1    0.000    0.000    0.000    0.000 compiler.py:364(CodeGenerator)
       20    0.000    0.000    0.000    0.000 {method 'setter' of 'property' objects}
        1    0.000    0.000    0.000    0.000 utils.py:294(LRUCache)
       12    0.000    0.000    0.000    0.000 compiler.py:210(inner)
        2    0.000    0.000    0.000    0.000 shape_base.py:1(<module>)
       32    0.000    0.000    0.000    0.000 {method 'remove' of 'list' objects}
       24    0.000    0.000    0.000    0.000 {sys._getframe}
       33    0.000    0.000    0.000    0.000 {method 'update' of 'set' objects}
        1    0.000    0.000    0.000    0.000 Fill.py:1(<module>)
        6    0.000    0.000    0.000    0.000 core.py:1052(__init__)
       32    0.000    0.000    0.000    0.000 {iter}
       16    0.000    0.000    0.000    0.000 {method 'update' of 'dict' objects}
        6    0.000    0.000    0.000    0.000 sre_parse.py:226(_class_escape)
       12    0.000    0.000    0.001    0.000 compiler.py:338(visit_For)
       15    0.000    0.000    0.000    0.000 sre_compile.py:52(fixup)
        6    0.000    0.000    0.003    0.000 compiler.py:294(inner_visit)
        1    0.000    0.000    0.000    0.000 stride_tricks.py:7(<module>)
       19    0.000    0.000    0.000    0.000 {method 'keys' of 'dict' objects}
       10    0.000    0.000    0.012    0.001 lexer.py:412(<lambda>)
        8    0.000    0.000    0.000    0.000 core.py:7132(__init__)
        1    0.000    0.000    0.000    0.000 Format.py:1(<module>)
        5    0.000    0.000    0.000    0.000 abc.py:89(<genexpr>)
       13    0.000    0.000    0.000    0.000 numerictypes.py:182(english_capitalize)
       18    0.000    0.000    0.000    0.000 {hasattr}
       11    0.000    0.000    0.000    0.000 _weakrefset.py:20(__enter__)
        3    0.000    0.000    0.003    0.001 optimizer.py:35(visit_If)
       11    0.000    0.000    0.008    0.001 nodes.py:177(find)
        1    0.000    0.000    0.000    0.000 defchararray.py:1732(chararray)
        9    0.000    0.000    0.000    0.000 core.py:2436(getdoc)
        1    0.000    0.000    0.000    0.000 <string>:1(<module>)
        1    0.000    0.000    0.000    0.000 case.py:133(TestCase)
        8    0.000    0.000    0.000    0.000 lexer.py:354(close)
       12    0.000    0.000    0.000    0.000 compiler.py:208(<genexpr>)
        8    0.000    0.000    0.001    0.000 utils.py:145(open_if_exists)
       12    0.000    0.000    0.000    0.000 _weakrefset.py:68(__contains__)
        6    0.000    0.000    0.000    0.000 hashlib.py:94(__get_openssl_constructor)
        1    0.000    0.000    0.000    0.000 _compat.py:92(with_metaclass)
        2    0.000    0.000    0.000    0.000 utils.py:113(__call__)
        8    0.000    0.000    0.000    0.000 utf_8.py:15(decode)
        9    0.000    0.000    0.001    0.000 extras.py:239(__init__)
       24    0.000    0.000    0.000    0.000 {method 'values' of 'dict' objects}
        2    0.000    0.000    0.000    0.000 {zip}
        9    0.000    0.000    0.000    0.000 six.py:108(__init__)
        1    0.000    0.000    0.000    0.000 parser.py:24(Parser)
       17    0.000    0.000    0.000    0.000 nodes.py:420(can_assign)
        8    0.000    0.000    0.003    0.000 environment.py:506(_compile)
        1    0.000    0.000    0.000    0.000 ntpath.py:398(normpath)
        1    0.000    0.000    0.000    0.000 Workbook.py:6(Workbook)
        1    0.000    0.000    0.000    0.000 __future__.py:48(<module>)
       21    0.000    0.000    0.000    0.000 {method '__contains__' of 'frozenset' objects}
        8    0.000    0.000    0.000    0.000 compiler.py:233(__init__)
       25    0.000    0.000    0.000    0.000 {method 'release' of 'thread.lock' objects}
       20    0.000    0.000    0.000    0.000 compiler.py:274(__init__)
        3    0.000    0.000    0.000    0.000 utils.py:307(_postinit)
       24    0.000    0.000    0.000    0.000 {method 'isupper' of 'str' objects}
        9    0.000    0.000    0.000    0.000 core.py:2430(__init__)
        3    0.000    0.000    0.000    0.000 utils.py:301(__init__)
        5    0.000    0.000    0.000    0.000 nodes.py:477(can_assign)
        3    0.000    0.000    0.000    0.000 compiler.py:184(copy)
        1    0.000    0.000    0.000    0.000 environment.py:238(__init__)
        3    0.000    0.000    0.003    0.001 compiler.py:134(copy)
       17    0.000    0.000    0.000    0.000 nodes.py:722(<genexpr>)
        1    0.000    0.000    0.001    0.001 tests.py:10(<module>)
       21    0.000    0.000    0.000    0.000 copy.py:198(_deepcopy_atomic)
        1    0.000    0.000    0.000    0.000 runtime.py:90(Context)
        1    0.000    0.000    0.000    0.000 pprint.py:35(<module>)
        2    0.000    0.000    0.000    0.000 getlimits.py:242(__init__)
        8    0.000    0.000    0.000    0.000 {method 'getvalue' of 'cStringIO.StringO' objects}
        2    0.000    0.000    0.000    0.000 utils.py:157(deprecate)
       21    0.000    0.000    0.000    0.000 {method 'isdigit' of 'str' objects}
        6    0.000    0.000    0.000    0.000 runtime.py:208(_all)
        1    0.000    0.000    0.000    0.000 numerictypes.py:384(_set_up_aliases)
        1    0.000    0.000    0.000    0.000 _methods.py:4(<module>)
        1    0.000    0.000    0.000    0.000 {method 'encode' of 'str' objects}
        2    0.000    0.000    0.000    0.000 __init__.py:49(normalize_encoding)
        1    0.000    0.000    0.000    0.000 <string>:7(HermiteE)
        1    0.000    0.000    0.000    0.000 <string>:7(Polynomial)
        1    0.000    0.000    0.000    0.000 <string>:7(Laguerre)
        1    0.000    0.000    0.000    0.000 <string>:7(Legendre)
        1    0.000    0.000    0.000    0.000 random.py:100(seed)
        6    0.000    0.000    0.000    0.000 _compat.py:73(implements_to_string)
        1    0.000    0.000    0.000    0.000 compiler.py:1380(visit_Const)
        1    0.000    0.000    0.000    0.000 <string>:7(Chebyshev)
        3    0.000    0.000    0.000    0.000 result.py:14(failfast)
        1    0.000    0.000    0.000    0.000 twodim_base.py:3(<module>)
        1    0.000    0.000    0.000    0.000 app.xml:1(<module>)
        4    0.000    0.000    0.000    0.000 {thread.allocate_lock}
        1    0.000    0.000    0.000    0.000 <string>:7(Hermite)
        1    0.000    0.000    0.000    0.000 Style.py:5(Style)
        4    0.000    0.000    0.000    0.000 core.py:90(doc_note)
       11    0.000    0.000    0.000    0.000 _weakrefset.py:16(__init__)
        1    0.000    0.000    0.000    0.000 Border.py:4(Border)
       17    0.000    0.000    0.000    0.000 {locals}
        1    0.000    0.000    0.000    0.000 defmatrix.py:195(matrix)
        1    0.000    0.000    0.000    0.000 styles.xml:1(<module>)
        1    0.000    0.000    0.000    0.000 Utility.py:1(<module>)
        2    0.000    0.000    0.000    0.000 {cPickle.dumps}
        1    0.000    0.000    0.000    0.000 DataTypes.py:9(DataTypes)
        1    0.000    0.000    0.000    0.000 workbook.xml:1(<module>)
       11    0.000    0.000    0.000    0.000 _weakrefset.py:52(_commit_removals)
       15    0.000    0.000    0.000    0.000 compiler.py:529(<genexpr>)
        1    0.000    0.000    0.000    0.000 sheet.xml:1(<module>)
        1    0.000    0.000    0.000    0.000 lexer.py:189(compile_rules)
        1    0.000    0.000    0.000    0.000 collections.py:26(OrderedDict)
        1    0.000    0.000    0.000    0.000 environment.py:850(Template)
        1    0.000    0.000    0.000    0.000 _iotools.py:456(StringConverter)
        3    0.000    0.000    0.000    0.000 os.py:444(get)
        1    0.000    0.000    0.000    0.000 result.py:26(TestResult)
        1    0.000    0.000    0.000    0.000 Borders.py:5(Borders)
        3    0.000    0.000    0.000    0.000 {method 'copy' of 'dict' objects}
        1    0.000    0.000    0.000    0.000 {_ctypes.LoadLibrary}
        1    0.000    0.000    0.000    0.000 workbook.xml.rels:1(<module>)
        1    0.000    0.000    0.000    0.000 StringIO.py:30(<module>)
        8    0.000    0.000    0.000    0.000 optimizer.py:32(__init__)
        5    0.000    0.000    0.000    0.000 _compat.py:68(implements_iterator)
        1    0.000    0.000    0.000    0.000 core.xml:1(<module>)
        1    0.000    0.000    0.000    0.000 Alignment.py:5(Alignment)
        1    0.000    0.000    0.000    0.000 [Content_Types].xml:1(<module>)
        3    0.000    0.000    0.000    0.000 nodes.py:703(as_const)
        1    0.000    0.000    0.000    0.000 <string>:1(SplitResult)
        1    0.000    0.000    0.000    0.000 __init__.py:382(__getitem__)
        2    0.000    0.000    0.000    0.000 getlimits.py:267(max)
       11    0.000    0.000    0.000    0.000 {method 'remove' of 'set' objects}
        1    0.000    0.000    0.000    0.000 {function seed at 0x00000000037DC048}
        1    0.000    0.000    0.000    0.000 financial.py:8(<module>)
        1    0.000    0.000    0.000    0.000 zipfile.py:705(ZipFile)
       10    0.000    0.000    0.000    0.000 {method 'append' of 'collections.deque' objects}
        8    0.000    0.000    0.000    0.000 {cStringIO.StringIO}
        8    0.000    0.000    0.000    0.000 {_functools.reduce}
        1    0.000    0.000    0.000    0.000 _native.py:10(<module>)
        2    0.000    0.000    0.000    0.000 codecs.py:77(__new__)
       11    0.000    0.000    0.000    0.000 {method '__subclasses__' of 'type' objects}
        1    0.000    0.000    0.000    0.000 urllib.py:116(URLopener)
        1    0.000    0.000    0.000    0.000 Workbook.py:11(__init__)
        1    0.000    0.000    0.000    0.000 {method 'disable' of '_lsprof.Profiler' objects}
        1    0.000    0.000    0.000    0.000 Worksheet.py:8(Worksheet)
        1    0.000    0.000    0.000    0.000 runtime.py:441(Undefined)
        8    0.000    0.000    0.000    0.000 environment.py:843(make_globals)
        1    0.000    0.000    0.000    0.000 lexer.py:225(Token)
        1    0.000    0.000    0.000    0.000 helper.py:3(<module>)
        1    0.000    0.000    0.000    0.000 random.py:72(Random)
        3    0.000    0.000    0.000    0.000 index_tricks.py:228(__init__)
        1    0.000    0.000    0.000    0.000 Font.py:5(Font)
        1    0.000    0.000    0.000    0.000 keyword.py:11(<module>)
        1    0.000    0.000    0.000    0.000 <string>:1(Mismatch)
        1    0.000    0.000    0.000    0.000 .rels:1(<module>)
        8    0.000    0.000    0.000    0.000 compiler.py:848(<genexpr>)
        1    0.000    0.000    0.000    0.000 arraypad.py:4(<module>)
        1    0.000    0.000    0.000    0.000 <string>:1(ParseResult)
        1    0.000    0.000    0.000    0.000 runtime.py:280(LoopContext)
        1    0.000    0.000    0.000    0.000 six.py:83(__get__)
        1    0.000    0.000    0.000    0.000 _iotools.py:236(NameValidator)
        8    0.000    0.000    0.000    0.000 filters.py:46(environmentfilter)
        1    0.000    0.000    0.000    0.000 _internal.py:219(_ctypes)
        1    0.000    0.000    0.000    0.000 copy_reg.py:95(_slotnames)
        1    0.000    0.000    0.000    0.000 info.py:84(<module>)
        1    0.000    0.000    0.000    0.000 <string>:1(Match)
        3    0.000    0.000    0.000    0.000 copy_reg.py:92(__newobj__)
        1    0.000    0.000    0.002    0.002 zipfile.py:501(ZipExtFile)
        1    0.000    0.000    0.000    0.000 copy_reg.py:14(pickle)
        7    0.000    0.000    0.000    0.000 __future__.py:75(__init__)
        1    0.000    0.000    0.000    0.000 {method 'view' of 'numpy.ndarray' objects}
        1    0.000    0.000    0.000    0.000 Workbook.py:21(new_sheet)
        1    0.000    0.000    0.000    0.000 core.py:2252(_MaskedPrintOption)
        8    0.000    0.000    0.000    0.000 {method '__subclasshook__' of 'object' objects}
        1    0.000    0.000    0.000    0.000 {numpy.core.umath.seterrobj}
        7    0.000    0.000    0.000    0.000 case.py:609(_deprecate)
        3    0.000    0.000    0.000    0.000 compiler.py:214(soft)
        1    0.000    0.000    0.000    0.000 polynomial.py:928(poly1d)
        1    0.000    0.000    1.512    1.512 Workbook.py:84(save)
        4    0.000    0.000    0.000    0.000 lexer.py:228(<genexpr>)
        1    0.000    0.000    0.000    0.000 socket.py:235(_fileobject)
        1    0.000    0.000    0.000    0.000 difflib.py:46(SequenceMatcher)
        3    0.000    0.000    0.000    0.000 {method 'clear' of 'dict' objects}
        1    0.000    0.000    0.000    0.000 ascii.py:41(getregentry)
        1    0.000    0.000    0.000    0.000 ssl.py:100(SSLSocket)
        2    0.000    0.000    0.000    0.000 _compat.py:105(__new__)
        1    0.000    0.000    0.000    0.000 urllib.py:610(FancyURLopener)
        1    0.000    0.000    0.002    0.002 zipfile.py:420(_ZipDecrypter)
        2    0.000    0.000    0.000    0.000 numeric.py:1473(set_string_function)
        1    0.000    0.000    0.000    0.000 warnings.py:74(simplefilter)
        1    0.000    0.000    0.000    0.000 __init__.py:375(__getattr__)
        1    0.000    0.000    0.000    0.000 __config__.py:3(<module>)
        4    0.000    0.000    0.000    0.000 {method 'insert' of 'list' objects}
        3    0.000    0.000    0.000    0.000 functools.py:39(wraps)
        1    0.000    0.000    0.000    0.000 ufunclike.py:4(<module>)
        1    0.000    0.000    0.000    0.000 Fill.py:4(Fill)
        1    0.000    0.000    0.000    0.000 lexer.py:289(TokenStream)
        4    0.000    0.000    0.000    0.000 six.py:67(_add_doc)
        1    0.000    0.000    0.000    0.000 {math.exp}
        1    0.000    0.000    0.000    0.000 __init__.py:432(__getattr__)
        1    0.000    0.000    0.000    0.000 {nt._getfullpathname}
        1    0.000    0.000    0.000    0.000 Format.py:4(Format)
        1    0.000    0.000    0.000    0.000 loader.py:38(TestLoader)
        1    0.000    0.000    0.000    0.000 nodes.py:107(Node)
        5    0.000    0.000    0.000    0.000 filters.py:27(contextfilter)
        1    0.000    0.000    0.000    0.000 core.py:5697(MaskedConstant)
        1    0.000    0.000    0.000    0.000 ntpath.py:466(abspath)
        1    0.000    0.000    0.000    0.000 six.py:126(_resolve)
        6    0.000    0.000    0.000    0.000 core.py:768(__init__)
        1    0.000    0.000    0.000    0.000 Worksheet.py:9(__init__)
        1    0.000    0.000    0.000    0.000 loaders.py:312(PrefixLoader)
        1    0.000    0.000    0.000    0.000 utf_8.py:33(getregentry)
        1    0.000    0.000    0.000    0.000 Color.py:1(Color)
        2    0.000    0.000    0.000    0.000 {numpy.core.multiarray.set_string_function}
        1    0.000    0.000    0.000    0.000 getlimits.py:192(iinfo)
        1    0.000    0.000    0.000    0.000 utils.py:479(Cycler)
        1    0.000    0.000    0.000    0.000 utils.py:1424(__enter__)
        1    0.000    0.000    0.000    0.000 fnmatch.py:11(<module>)
        1    0.000    0.000    0.000    0.000 compiler.py:1482(visit_Operand)
        1    0.000    0.000    0.000    0.000 extras.py:1427(__init__)
        1    0.000    0.000    0.000    0.000 runner.py:28(TextTestResult)
        1    0.000    0.000    0.000    0.000 compiler.py:1477(visit_Compare)
        1    0.000    0.000    0.000    0.000 difflib.py:1672(HtmlDiff)
        1    0.000    0.000    0.000    0.000 utils.py:1416(__init__)
        1    0.000    0.000    0.000    0.000 loaders.py:411(ModuleLoader)
        1    0.000    0.000    1.512    1.512 Workbook.py:80(_save)
        4    0.000    0.000    0.000    0.000 __init__.py:429(__init__)
        1    0.000    0.000    0.000    0.000 arrayterator.py:21(Arrayterator)
        1    0.000    0.000    0.000    0.000 urlparse.py:73(ResultMixin)
        1    0.000    0.000    0.000    0.000 filters.py:705(_GroupTuple)
        1    0.000    0.000    0.000    0.000 tempfile.py:108(_RandomNameSequence)
        1    0.000    0.000    0.000    0.000 os.py:419(__setitem__)
        1    0.000    0.000    0.000    0.000 npyio.py:126(NpzFile)
        1    0.000    0.000    0.000    0.000 optimizer.py:30(Optimizer)
        1    0.000    0.000    0.000    0.000 __init__.py:332(CDLL)
        1    0.000    0.000    0.000    0.000 loaders.py:153(__init__)
        1    0.000    0.000    0.000    0.000 utils.py:988(SafeEval)
        3    0.000    0.000    0.000    0.000 _abcoll.py:98(__subclasshook__)
        3    0.000    0.000    0.000    0.000 __init__.py:494(CFunctionType)
        4    0.000    0.000    0.000    0.000 filters.py:35(evalcontextfilter)
        1    0.000    0.000    0.000    0.000 six.py:72(_import_module)
        1    0.000    0.000    0.000    0.000 loaders.py:37(BaseLoader)
        1    0.000    0.000    0.000    0.000 suite.py:16(BaseTestSuite)
        1    0.000    0.000    0.000    0.000 exceptions.py:14(TemplateError)
        2    0.000    0.000    0.000    0.000 utils.py:108(__init__)
        1    0.000    0.000    0.000    0.000 environment.py:1107(TemplateStream)
        1    0.000    0.000    0.000    0.000 urllib.py:851(ftpwrapper)
        1    0.000    0.000    0.000    0.000 extras.py:1497(__init__)
        3    0.000    0.000    0.000    0.000 {method 'symmetric_difference' of 'set' objects}
        1    0.000    0.000    0.000    0.000 environment.py:1062(TemplateModule)
        1    0.000    0.000    0.000    0.000 lexer.py:318(look)
        1    0.000    0.000    0.000    0.000 getlimits.py:22(finfo)
        4    0.000    0.000    0.000    0.000 core.py:2443(__get__)
        1    0.000    0.000    0.000    0.000 core.py:5703(__new__)
        1    0.000    0.000    0.000    0.000 bccache.py:109(BytecodeCache)
        1    0.000    0.000    0.000    0.000 numeric.py:2571(_setdef)
        3    0.000    0.000    0.000    0.000 __init__.py:104(CFunctionType)
        1    0.000    0.000    0.000    0.000 environment.py:90(_environment_sanity_check)
        1    0.000    0.000    0.000    0.000 {time.clock}
        1    0.000    0.000    0.000    0.000 runtime.py:253(BlockReference)
        4    0.000    0.000    0.000    0.000 {method 'upper' of 'str' objects}
        1    0.000    0.000    0.000    0.000 index_tricks.py:431(__init__)
        1    0.000    0.000    0.000    0.000 core.py:5507(mvoid)
        1    0.000    0.000    0.000    0.000 collections.py:381(Counter)
        3    0.000    0.000    0.000    0.000 core.py:736(__init__)
        1    0.000    0.000    0.000    0.000 index_tricks.py:82(nd_grid)
        1    0.000    0.000    0.000    0.000 {method 'sort' of 'list' objects}
        1    0.000    0.000    0.000    0.000 loaders.py:260(DictLoader)
        1    0.000    0.000    0.000    0.000 _datasource.py:148(DataSource)
        2    0.000    0.000    0.000    0.000 lexer.py:217(__init__)
        1    0.000    0.000    0.000    0.000 ctypeslib.py:153(_ndptr)
        1    0.000    0.000    0.000    0.000 nodes.py:350(Expr)
        1    0.000    0.000    0.000    0.000 nosetester.py:85(NoseTester)
        1    0.000    0.000    0.000    0.000 loaders.py:366(ChoiceLoader)
        1    0.000    0.000    0.000    0.000 _import_tools.py:6(PackageLoader)
        1    0.000    0.000    0.000    0.000 lexer.py:314(push)
        1    0.000    0.000    0.000    0.000 index_tricks.py:453(__init__)
        1    0.000    0.000    0.000    0.000 _iotools.py:145(LineSplitter)
        1    0.000    0.000    0.000    0.000 weakref.py:243(__init__)
        1    0.000    0.000    0.000    0.000 socket.py:167(_closedsocket)
        1    0.000    0.000    0.000    0.000 index_tricks.py:505(ndindex)
        3    0.000    0.000    0.000    0.000 compiler.py:1437(uaop)
        1    0.000    0.000    0.000    0.000 utils.py:1440(__exit__)
        1    0.000    0.000    0.000    0.000 environment.py:60(create_cache)
        1    0.000    0.000    0.000    0.000 tempfile.py:368(_TemporaryFileWrapper)
        1    0.000    0.000    0.000    0.000 case.py:1018(FunctionTestCase)
        2    0.000    0.000    0.000    0.000 sre_parse.py:129(__delitem__)
        1    0.000    0.000    0.000    0.000 main.py:63(TestProgram)
        3    0.000    0.000    0.000    0.000 _inspect.py:159(<lambda>)
        1    0.000    0.000    0.000    0.000 random.py:91(__init__)
        1    0.000    0.000    0.000    0.000 zipfile.py:262(ZipInfo)
        1    0.000    0.000    0.000    0.000 core.py:5876(__init__)
        1    0.000    0.000    0.000    0.000 random.py:649(WichmannHill)
        1    0.000    0.000    0.000    0.000 compiler.py:138(Frame)
        1    0.000    0.000    0.000    0.000 pprint.py:84(PrettyPrinter)
        2    0.000    0.000    0.000    0.000 utils.py:93(_set_function_name)
        1    0.000    0.000    0.000    0.000 __init__.py:419(OleDLL)
        2    0.000    0.000    0.000    0.000 index_tricks.py:142(__init__)
        1    0.000    0.000    0.000    0.000 runtime.py:377(Macro)
        1    0.000    0.000    0.000    0.000 _datasource.py:482(Repository)
        2    0.000    0.000    0.000    0.000 __init__.py:359(_FuncPtr)
        1    0.000    0.000    0.000    0.000 index_tricks.py:210(AxisConcatenator)
        1    0.000    0.000    0.000    0.000 compiler.py:230(DependencyFinderVisitor)
        1    0.000    0.000    0.000    0.000 loaders.py:195(PackageLoader)
        2    0.000    0.000    0.000    0.000 {math.log}
        1    0.000    0.000    0.000    0.000 compiler.py:271(FrameIdentifierVisitor)
        1    0.000    0.000    0.000    0.000 lexer.py:402(Lexer)
        1    0.000    0.000    0.000    0.000 {_hashlib.openssl_sha384}
        1    0.000    0.000    0.000    0.000 records.py:214(record)
        1    0.000    0.000    0.000    0.000 string.py:131(__init__)
        1    0.000    0.000    0.000    0.000 nodes.py:466(Tuple)
        1    0.000    0.000    0.000    0.000 core.py:5864(__init__)
        1    0.000    0.000    0.000    0.000 __init__.py:428(LibraryLoader)
        1    0.000    0.000    0.000    0.000 arrayprint.py:655(LongFloatFormat)
        1    0.000    0.000    0.000    0.000 bccache.py:57(Bucket)
        1    0.000    0.000    0.000    0.000 __init__.py:211(_MarkupEscapeHelper)
        1    0.000    0.000    0.000    0.000 utils.py:1394(WarningManager)
        1    0.000    0.000    0.000    0.000 visitor.py:14(NodeVisitor)
        1    0.000    0.000    0.000    0.000 machar.py:15(MachAr)
        1    0.000    0.000    0.000    0.000 extras.py:222(_fromnxfunction)
        1    0.000    0.000    0.000    0.000 {_ctypes.set_conversion_mode}
        1    0.000    0.000    0.000    0.000 random.py:799(SystemRandom)
        1    0.000    0.000    0.000    0.000 Writer.py:27(__init__)
        1    0.000    0.000    0.000    0.000 nodes.py:430(Const)
        1    0.000    0.000    0.000    0.000 runner.py:119(TextTestRunner)
        1    0.000    0.000    0.000    0.000 nturl2path.py:1(<module>)
        1    0.000    0.000    0.000    0.000 records.py:284(recarray)
        1    0.000    0.000    0.000    0.000 copy_reg.py:27(constructor)
        1    0.000    0.000    0.000    0.000 {method 'get' of 'dictproxy' objects}
        2    0.000    0.000    0.000    0.000 index_tricks.py:643(__init__)
        1    0.000    0.000    0.000    0.000 memmap.py:20(memmap)
        1    0.000    0.000    0.000    0.000 bccache.py:187(FileSystemBytecodeCache)
        1    0.000    0.000    0.000    0.000 difflib.py:766(Differ)
        1    0.000    0.000    0.000    0.000 core.py:2401(_arraymethod)
        1    0.000    0.000    0.000    0.000 {_hashlib.openssl_md5}
        1    0.000    0.000    0.000    0.000 {binascii.hexlify}
        3    0.000    0.000    0.000    0.000 core.py:783(__init__)
        1    0.000    0.000    0.000    0.000 compiler.py:101(Identifiers)
        1    0.000    0.000    0.000    0.000 runtime.py:553(StrictUndefined)
        1    0.000    0.000    0.000    0.000 core.py:886(_MaskedBinaryOperation)
        1    0.000    0.000    0.000    0.000 info.py:147(<module>)
        1    0.000    0.000    0.000    0.000 records.py:83(format_parser)
        1    0.000    0.000    0.000    0.000 six.py:54(__len__)
        1    0.000    0.000    0.000    0.000 arrayprint.py:523(FloatFormat)
        1    0.000    0.000    0.000    0.000 runtime.py:356(LoopContextIterator)
        1    0.000    0.000    0.000    0.000 ascii.py:13(Codec)
        1    0.000    0.000    0.000    0.000 __init__.py:388(PyDLL)
        1    0.000    0.000    0.000    0.000 {delattr}
        1    0.000    0.000    0.000    0.000 core.py:750(_DomainTan)
        1    0.000    0.000    0.000    0.000 nodes.py:76(EvalContext)
        1    0.000    0.000    0.000    0.000 visitor.py:47(NodeTransformer)
        1    0.000    0.000    0.000    0.000 _internal.py:212(_missing_ctypes)
        1    0.000    0.000    0.000    0.000 version.py:3(<module>)
        1    0.000    0.000    0.000    0.000 nodes.py:453(TemplateData)
        1    0.000    0.000    0.000    0.000 info.py:175(<module>)
        1    0.000    0.000    0.000    0.000 compiler.py:43(unoptimize_before_dead_code)
        1    0.000    0.000    0.000    0.000 extras.py:1415(MAxisConcatenator)
        1    0.000    0.000    0.000    0.000 signals.py:9(_InterruptHandler)
        1    0.000    0.000    0.000    0.000 _datasource.py:47(_FileOpeners)
        1    0.000    0.000    0.000    0.000 _compat.py:102(metaclass)
        1    0.000    0.000    0.000    0.000 function_base.py:1706(vectorize)
        1    0.000    0.000    0.000    0.000 nodes.py:372(BinExpr)
        1    0.000    0.000    0.000    0.000 urllib.py:946(addbase)
        1    0.000    0.000    0.000    0.000 utils.py:505(Joiner)
        1    0.000    0.000    0.000    0.000 suite.py:252(_ErrorHolder)
        1    0.000    0.000    0.000    0.000 nodes.py:825(InternalName)
        2    0.000    0.000    0.000    0.000 parser.py:752(ensure)
        1    0.000    0.000    0.000    0.000 numeric.py:2497(errstate)
        1    0.000    0.000    0.000    0.000 _datasource.py:70(__init__)
        1    0.000    0.000    0.000    0.000 lexer.py:212(Failure)
        1    0.000    0.000    0.000    0.000 nodes.py:391(UnaryExpr)
        2    0.000    0.000    0.000    0.000 sre_parse.py:214(isdigit)
        1    0.000    0.000    0.000    0.000 info.py:34(<module>)
        1    0.000    0.000    0.000    0.000 utils.py:97(_Deprecate)
        1    0.000    0.000    0.000    0.000 core.py:2471(MaskedIterator)
        1    0.000    0.000    0.000    0.000 index_tricks.py:458(ndenumerate)
        1    0.000    0.000    0.000    0.000 info.py:83(<module>)
        1    0.000    0.000    0.000    0.000 Range.py:60(AttributeInterceptor)
        1    0.000    0.000    0.000    0.000 nodes.py:633(Getitem)
        1    0.000    0.000    0.000    0.000 urllib.py:1000(addinfourl)
        1    0.000    0.000    0.000    0.000 {numpy.core.multiarray.set_typeDict}
        1    0.000    0.000    0.000    0.000 arrayprint.py:635(IntegerFormat)
        1    0.000    0.000    0.000    0.000 loaders.py:282(FunctionLoader)
        1    0.000    0.000    0.000    0.000 exceptions.py:44(TemplateNotFound)
        1    0.000    0.000    0.000    0.000 core.py:1032(_DomainedBinaryOperation)
        1    0.000    0.000    0.000    0.000 nodes.py:316(Include)
        1    0.000    0.000    0.000    0.000 nodes.py:651(Getattr)
        1    0.000    0.000    0.000    0.000 __init__.py:294(c_wchar)
        1    0.000    0.000    0.000    0.000 nodes.py:903(ScopedEvalContextModifier)
        1    0.000    0.000    0.000    0.000 core.py:804(_MaskedUnaryOperation)
        1    0.000    0.000    0.000    0.000 __init__.py:243(c_char_p)
        1    0.000    0.000    0.000    0.000 core.py:7120(_convert2ma)
        1    0.000    0.000    0.000    0.000 {_hashlib.openssl_sha224}
        1    0.000    0.000    0.000    0.000 {method 'lstrip' of 'str' objects}
        1    0.000    0.000    0.000    0.000 exceptions.py:80(TemplateSyntaxError)
        1    0.000    0.000    0.000    0.000 runner.py:12(_WritelnDecorator)
        1    0.000    0.000    0.000    0.000 nodes.py:246(Stmt)
        1    0.000    0.000    0.000    0.000 bccache.py:240(MemcachedBytecodeCache)
        1    0.000    0.000    0.000    0.000 core.py:5807(_extrema_operation)
        1    0.000    0.000    0.000    0.000 {_hashlib.openssl_sha512}
        1    0.000    0.000    0.000    0.000 io.py:78(TextIOBase)
        1    0.000    0.000    0.000    0.000 nodes.py:839(MarkSafe)
        1    0.000    0.000    0.000    0.000 nodes.py:591(Call)
        1    0.000    0.000    0.000    0.000 nodes.py:493(Dict)
        1    0.000    0.000    0.000    0.000 nodes.py:299(CallBlock)
        1    0.000    0.000    0.000    0.000 io.py:69(IOBase)
        1    0.000    0.000    0.000    0.000 nodes.py:540(Filter)
        1    0.000    0.000    0.000    0.000 npyio.py:82(BagObj)
        1    0.000    0.000    0.000    0.000 utf_8.py:22(IncrementalDecoder)
        1    0.000    0.000    0.000    0.000 index_tricks.py:600(IndexExpression)
        1    0.000    0.000    0.000    0.000 urllib.py:990(addinfo)
        1    0.000    0.000    0.000    0.000 urllib.py:975(addclosehook)
        1    0.000    0.000    0.000    0.000 nodes.py:791(Pos)
        1    0.000    0.000    0.000    0.000 utils.py:1364(WarningMessage)
        1    0.000    0.000    0.000    0.000 case.py:98(_AssertRaisesContext)
        1    0.000    0.000    0.000    0.000 nodes.py:291(Macro)
        1    0.000    0.000    0.000    0.000 six.py:91(MovedModule)
        1    0.000    0.000    0.000    0.000 core.py:766(_DomainSafeDivide)
        1    0.000    0.000    0.000    0.000 __init__.py:159(py_object)
        1    0.000    0.000    0.000    0.000 nodes.py:522(CondExpr)
        1    0.000    0.000    0.000    0.000 stride_tricks.py:12(DummyArray)
        1    0.000    0.000    0.000    0.000 __future__.py:74(_Feature)
        1    0.000    0.000    0.000    0.000 lexer.py:268(TokenStreamIterator)
        1    0.000    0.000    0.000    0.000 nodes.py:686(Concat)
        1    0.000    0.000    0.000    0.000 environment.py:1088(TemplateExpression)
        1    0.000    0.000    0.000    0.000 nodes.py:59(NodeType)
        1    0.000    0.000    0.000    0.000 utf_8.py:18(IncrementalEncoder)
        1    0.000    0.000    0.000    0.000 nodes.py:743(Add)
        1    0.000    0.000    0.000    0.000 nodes.py:311(Block)
        1    0.000    0.000    0.000    0.000 compiler.py:249(UndeclaredNameVisitor)
        1    0.000    0.000    0.000    0.000 ascii.py:20(IncrementalEncoder)
        1    0.000    0.000    0.000    0.000 linalg.py:37(LinAlgError)
        1    0.000    0.000    0.000    0.000 loaders.py:138(FileSystemLoader)
        1    0.000    0.000    0.000    0.000 _compat.py:122(_C)
        1    0.000    0.000    0.000    0.000 {math.sqrt}
        2    0.000    0.000    0.000    0.000 core.py:795(__init__)
        1    0.000    0.000    0.000    0.000 nodes.py:410(Name)
        1    0.000    0.000    0.000    0.000 _endian.py:26(_swapped_meta)
        1    0.000    0.000    0.000    0.000 utf_8.py:28(StreamReader)
        1    0.000    0.000    0.000    0.000 nodes.py:425(Literal)
        1    0.000    0.000    0.000    0.000 _compat.py:124(_func)
        1    0.000    0.000    0.000    0.000 zipfile.py:1353(PyZipFile)
        1    0.000    0.000    0.000    0.000 exceptions.py:64(TemplatesNotFound)
        1    0.000    0.000    0.000    0.000 nodes.py:716(Operand)
        1    0.000    0.000    0.000    0.000 core.py:5918(_frommethod)
        1    0.000    0.000    0.000    0.000 shutil.py:31(Error)
        1    0.000    0.000    0.000    0.000 runtime.py:73(TemplateReference)
        1    0.000    0.000    0.000    0.000 nodes.py:763(And)
        1    0.000    0.000    0.000    0.000 _endian.py:49(BigEndianStructure)
        1    0.000    0.000    0.000    0.000 suite.py:299(_DebugResult)
        1    0.000    0.000    0.000    0.000 case.py:34(_ExpectedFailure)
        1    0.000    0.000    0.000    0.000 nodes.py:513(Keyword)
        1    0.000    0.000    0.000    0.000 {sys.exc_info}
        1    0.000    0.000    0.000    0.000 urlparse.py:128(ParseResult)
        1    0.000    0.000    0.000    0.000 polyutils.py:48(RankWarning)
        1    0.000    0.000    0.000    0.000 extras.py:1481(mr_class)
        1    0.000    0.000    0.000    0.000 nodes.py:848(MarkSafeIfAutoescape)
        1    0.000    0.000    0.000    0.000 numeric.py:2493(_unspecified)
        1    0.000    0.000    0.000    0.000 nodes.py:806(ExtensionAttribute)
        1    0.000    0.000    0.000    0.000 six.py:53(X)
        1    0.000    0.000    0.000    0.000 nodes.py:326(FromImport)
        1    0.000    0.000    0.000    0.000 shutil.py:38(ExecError)
        1    0.000    0.000    0.000    0.000 {_hashlib.openssl_sha1}
        1    0.000    0.000    0.000    0.000 nodes.py:321(Import)
        1    0.000    0.000    0.000    0.000 six.py:132(_MovedItems)
        1    0.000    0.000    0.000    0.000 __init__.py:291(c_wchar_p)
        1    0.000    0.000    0.000    0.000 nodes.py:275(For)
        1    0.000    0.000    0.000    0.000 _iotools.py:442(ConversionWarning)
        1    0.000    0.000    0.000    0.000 polyutils.py:52(PolyError)
        1    0.000    0.000    0.000    0.000 urllib.py:110(ContentTooShortError)
        1    0.000    0.000    0.000    0.000 nodes.py:799(EnvironmentAttribute)
        1    0.000    0.000    0.000    0.000 nodes.py:263(Output)
        1    0.000    0.000    0.000    0.000 core.py:5874(_maximum_operation)
        1    0.000    0.000    0.000    0.000 nodes.py:697(Compare)
        1    0.000    0.000    0.000    0.000 nodes.py:731(Div)
        1    0.000    0.000    0.000    0.000 nodes.py:584(Test)
        1    0.000    0.000    0.000    0.000 case.py:45(_UnexpectedSuccess)
        1    0.000    0.000    0.000    0.000 exceptions.py:143(FilterArgumentError)
        1    0.000    0.000    0.000    0.000 exceptions.py:119(TemplateAssertionError)
        1    0.000    0.000    0.000    0.000 {method 'lower' of 'str' objects}
        1    0.000    0.000    0.000    0.000 nodes.py:306(FilterBlock)
        1    0.000    0.000    0.000    0.000 exceptions.py:137(SecurityError)
        1    0.000    0.000    0.000    0.000 loaders.py:407(_TemplateModule)
        1    0.000    0.000    0.000    0.000 core.py:5862(_minimum_operation)
        1    0.000    0.000    0.000    0.000 core.py:126(MAError)
        1    0.000    0.000    0.000    0.000 core.py:793(_DomainGreaterEqual)
        1    0.000    0.000    0.000    0.000 io.py:75(BufferedIOBase)
        1    0.000    0.000    0.000    0.000 __init__.py:226(c_ubyte)
        1    0.000    0.000    0.000    0.000 numpytest.py:10(IgnoreException)
        1    0.000    0.000    0.000    0.000 index_tricks.py:337(RClass)
        1    0.000    0.000    0.000    0.000 exceptions.py:127(TemplateRuntimeError)
        1    0.000    0.000    0.000    0.000 ascii.py:28(StreamWriter)
        1    0.000    0.000    0.000    0.000 arrayprint.py:740(TimedeltaFormat)
        1    0.000    0.000    0.000    0.000 arrayprint.py:712(DatetimeFormat)
        1    0.000    0.000    0.000    0.000 nodes.py:55(Impossible)
        1    0.000    0.000    0.000    0.000 nodes.py:786(Neg)
        1    0.000    0.000    0.000    0.000 zipfile.py:24(LargeZipFile)
        1    0.000    0.000    0.000    0.000 shutil.py:34(SpecialFileError)
        1    0.000    0.000    0.000    0.000 nodes.py:892(EvalContextModifier)
        1    0.000    0.000    0.000    0.000 polyutils.py:69(PolyBase)
        1    0.000    0.000    0.000    0.000 arrayprint.py:685(LongComplexFormat)
        1    0.000    0.000    0.000    0.000 ascii.py:24(IncrementalDecoder)
        1    0.000    0.000    0.000    0.000 nodes.py:753(Mod)
        1    0.000    0.000    0.000    0.000 zipfile.py:20(BadZipfile)
        1    0.000    0.000    0.000    0.000 _inspect.py:160(<lambda>)
        1    0.000    0.000    0.000    0.000 runtime.py:526(DebugUndefined)
        1    0.000    0.000    0.000    0.000 urlparse.py:120(SplitResult)
        1    0.000    0.000    0.000    0.000 environment.py:78(load_extensions)
        1    0.000    0.000    0.000    0.000 numeric.py:37(ComplexWarning)
        1    0.000    0.000    0.000    0.000 nodes.py:748(Sub)
        1    0.000    0.000    0.000    0.000 nodes.py:671(Slice)
        1    0.000    0.000    0.000    0.000 {_hashlib.openssl_sha256}
        1    0.000    0.000    0.000    0.000 case.py:25(SkipTest)
        1    0.000    0.000    0.000    0.000 nodes.py:758(Pow)
        1    0.000    0.000    0.000    0.000 nodes.py:883(Break)
        1    0.000    0.000    0.000    0.000 nodes.py:866(ContextReference)
        1    0.000    0.000    0.000    0.000 core.py:129(MaskError)
        1    0.000    0.000    0.000    0.000 __init__.py:406(HRESULT)
        1    0.000    0.000    0.000    0.000 index_tricks.py:436(CClass)
        1    0.000    0.000    0.000    0.000 nodes.py:816(ImportedName)
        1    0.000    0.000    0.000    0.000 nodes.py:345(Assign)
        1    0.000    0.000    0.000    0.000 six.py:260(Iterator)
        1    0.000    0.000    0.000    0.000 compiler.py:357(CompilerExit)
        1    0.000    0.000    0.000    0.000 nodes.py:340(ExprStmt)
        1    0.000    0.000    0.000    0.000 ascii.py:34(StreamConverter)
        1    0.000    0.000    0.000    0.000 nodes.py:504(Pair)
        1    0.000    0.000    0.000    0.000 core.py:728(_DomainCheckInterval)
        1    0.000    0.000    0.000    0.000 polyutils.py:56(PolyDomainError)
        1    0.000    0.000    0.000    0.000 nodes.py:251(Helper)
        1    0.000    0.000    0.000    0.000 __init__.py:201(c_double)
        1    0.000    0.000    0.000    0.000 nodes.py:736(FloorDiv)
        1    0.000    0.000    0.000    0.000 __init__.py:219(c_ulonglong)
        1    0.000    0.000    0.000    0.000 core.py:2257(__init__)
        1    0.000    0.000    0.000    0.000 __init__.py:238(c_char)
        1    0.000    0.000    0.000    0.000 __init__.py:205(c_longdouble)
        1    0.000    0.000    0.000    0.000 __init__.py:180(c_ulong)
        1    0.000    0.000    0.000    0.000 __init__.py:397(WinDLL)
        1    0.000    0.000    0.000    0.000 nodes.py:726(Mul)
        1    0.000    0.000    0.000    0.000 nodes.py:879(Continue)
        1    0.000    0.000    0.000    0.000 nodes.py:270(Extends)
        1    0.000    0.000    0.000    0.000 nodes.py:781(Not)
        1    0.000    0.000    0.000    0.000 numerictypes.py:770(_typedict)
        1    0.000    0.000    0.000    0.000 nodes.py:887(Scope)
        1    0.000    0.000    0.000    0.000 _iotools.py:435(ConverterLockError)
        1    0.000    0.000    0.000    0.000 __init__.py:176(c_long)
        1    0.000    0.000    0.000    0.000 __init__.py:215(c_longlong)
        1    0.000    0.000    0.000    0.000 six.py:78(_LazyDescr)
        1    0.000    0.000    0.000    0.000 arrayprint.py:696(ComplexFormat)
        1    0.000    0.000    0.000    0.000 core.py:781(_DomainGreater)
        1    0.000    0.000    0.000    0.000 six.py:106(MovedAttribute)
        1    0.000    0.000    0.000    0.000 nodes.py:484(List)
        1    0.000    0.000    0.000    0.000 nodes.py:286(If)
        1    0.000    0.000    0.000    0.000 utf_8.py:25(StreamWriter)
        1    0.000    0.000    0.000    0.000 io.py:72(RawIOBase)
        1    0.000    0.000    0.000    0.000 __init__.py:197(c_float)
        1    0.000    0.000    0.000    0.000 __init__.py:172(c_ushort)
        1    0.000    0.000    0.000    0.000 __init__.py:233(c_byte)
        1    0.000    0.000    0.000    0.000 _import_tools.py:334(PackageLoaderDebug)
        1    0.000    0.000    0.000    0.000 __init__.py:255(c_void_p)
        1    0.000    0.000    0.000    0.000 core.py:756(__init__)
        1    0.000    0.000    0.000    0.000 __init__.py:168(c_short)
        1    0.000    0.000    0.000    0.000 exceptions.py:133(UndefinedError)
        1    0.000    0.000    0.000    0.000 ascii.py:31(StreamReader)
        1    0.000    0.000    0.000    0.000 polynomial.py:19(RankWarning)
        1    0.000    0.000    0.000    0.000 core.py:5706(__array_finalize__)
        1    0.000    0.000    0.000    0.000 compiler.py:226(VisitorExit)
        1    0.000    0.000    0.000    0.000 nodes.py:256(Template)
        1    0.000    0.000    0.000    0.000 _iotools.py:428(ConverterError)
        1    0.000    0.000    0.000    0.000 __init__.py:260(c_bool)


